<?xml version="1.0" encoding="UTF-8"?>
<coverage generated="1760386956618" clover="3.2.0">
  <project timestamp="1760386956618" name="All files">
    <metrics statements="50" coveredstatements="49" conditionals="12" coveredconditionals="10" methods="19" coveredmethods="18" elements="81" coveredelements="77" complexity="0" loc="50" ncloc="50" packages="2" files="7" classes="7"/>
    <package name="src">
      <metrics statements="17" coveredstatements="16" conditionals="0" coveredconditionals="0" methods="7" coveredmethods="6"/>
      <file name="App.jsx" path="/Users/jolantasimkute/meet/src/App.jsx">
        <metrics statements="10" coveredstatements="9" conditionals="0" coveredconditionals="0" methods="4" coveredmethods="3"/>
        <line num="7" count="1" type="stmt"/>
        <line num="8" count="5" type="stmt"/>
        <line num="9" count="4" type="stmt"/>
        <line num="11" count="4" type="stmt"/>
        <line num="12" count="4" type="stmt"/>
        <line num="13" count="4" type="stmt"/>
        <line num="14" count="4" type="stmt"/>
        <line num="16" count="4" type="stmt"/>
        <line num="19" count="4" type="stmt"/>
        <line num="23" count="0" type="stmt"/>
      </file>
      <file name="api.js" path="/Users/jolantasimkute/meet/src/api.js">
        <metrics statements="6" coveredstatements="6" conditionals="0" coveredconditionals="0" methods="3" coveredmethods="3"/>
        <line num="12" count="5" type="stmt"/>
        <line num="13" count="70" type="stmt"/>
        <line num="14" count="2" type="stmt"/>
        <line num="15" count="2" type="stmt"/>
        <line num="23" count="5" type="stmt"/>
        <line num="24" count="9" type="stmt"/>
      </file>
      <file name="mock-data.js" path="/Users/jolantasimkute/meet/src/mock-data.js">
        <metrics statements="1" coveredstatements="1" conditionals="0" coveredconditionals="0" methods="0" coveredmethods="0"/>
        <line num="3" count="5" type="stmt"/>
      </file>
    </package>
    <package name="src.components">
      <metrics statements="33" coveredstatements="33" conditionals="12" coveredconditionals="10" methods="12" coveredmethods="12"/>
      <file name="CitySearch.jsx" path="/Users/jolantasimkute/meet/src/components/CitySearch.jsx">
        <metrics statements="17" coveredstatements="17" conditionals="4" coveredconditionals="3" methods="6" coveredmethods="6"/>
        <line num="3" count="2" type="stmt"/>
        <line num="4" count="27" type="stmt"/>
        <line num="5" count="27" type="stmt"/>
        <line num="6" count="27" type="stmt"/>
        <line num="8" count="27" type="stmt"/>
        <line num="9" count="12" type="stmt"/>
        <line num="10" count="12" type="cond" truecount="1" falsecount="1"/>
        <line num="12" count="24" type="stmt"/>
        <line num="15" count="12" type="stmt"/>
        <line num="16" count="12" type="stmt"/>
        <line num="19" count="27" type="stmt"/>
        <line num="20" count="1" type="stmt"/>
        <line num="21" count="1" type="stmt"/>
        <line num="22" count="1" type="stmt"/>
        <line num="25" count="27" type="stmt"/>
        <line num="32" count="3" type="stmt"/>
        <line num="38" count="12" type="stmt"/>
      </file>
      <file name="Event.jsx" path="/Users/jolantasimkute/meet/src/components/Event.jsx">
        <metrics statements="5" coveredstatements="5" conditionals="4" coveredconditionals="4" methods="2" coveredmethods="2"/>
        <line num="4" count="4" type="stmt"/>
        <line num="5" count="119" type="stmt"/>
        <line num="7" count="119" type="stmt"/>
        <line num="8" count="3" type="stmt"/>
        <line num="11" count="119" type="stmt"/>
      </file>
      <file name="EventList.jsx" path="/Users/jolantasimkute/meet/src/components/EventList.jsx">
        <metrics statements="3" coveredstatements="3" conditionals="2" coveredconditionals="2" methods="2" coveredmethods="2"/>
        <line num="6" count="3" type="stmt"/>
        <line num="7" count="10" type="stmt"/>
        <line num="10" count="109" type="stmt"/>
      </file>
      <file name="NumberOfEvents.jsx" path="/Users/jolantasimkute/meet/src/components/NumberOfEvents.jsx">
        <metrics statements="8" coveredstatements="8" conditionals="2" coveredconditionals="1" methods="2" coveredmethods="2"/>
        <line num="4" count="2" type="stmt"/>
        <line num="5" count="10" type="stmt"/>
        <line num="7" count="10" type="stmt"/>
        <line num="8" count="3" type="stmt"/>
        <line num="9" count="3" type="stmt"/>
        <line num="10" count="3" type="cond" truecount="1" falsecount="1"/>
        <line num="13" count="10" type="stmt"/>
        <line num="26" count="2" type="stmt"/>
      </file>
    </package>
  </project>
</coverage>
