{"/Users/jolantasimkute/meet/src/App.jsx": {"path":"/Users/jolantasimkute/meet/src/App.jsx","statementMap":{"0":{"start":{"line":12,"column":12},"end":{"line":40,"column":2}},"1":{"start":{"line":13,"column":41},"end":{"line":13,"column":53}},"2":{"start":{"line":14,"column":37},"end":{"line":14,"column":49}},"3":{"start":{"line":15,"column":29},"end":{"line":15,"column":41}},"4":{"start":{"line":16,"column":39},"end":{"line":16,"column":65}},"5":{"start":{"line":18,"column":1},"end":{"line":20,"column":19}},"6":{"start":{"line":19,"column":3},"end":{"line":19,"column":15}},"7":{"start":{"line":23,"column":19},"end":{"line":30,"column":2}},"8":{"start":{"line":24,"column":21},"end":{"line":24,"column":38}},"9":{"start":{"line":25,"column":26},"end":{"line":27,"column":62}},"10":{"start":{"line":27,"column":31},"end":{"line":27,"column":61}},"11":{"start":{"line":28,"column":3},"end":{"line":28,"column":50}},"12":{"start":{"line":29,"column":3},"end":{"line":29,"column":48}},"13":{"start":{"line":33,"column":1},"end":{"line":39,"column":3}}},"fnMap":{"0":{"name":"(anonymous_0)","decl":{"start":{"line":12,"column":12},"end":{"line":12,"column":13}},"loc":{"start":{"line":12,"column":18},"end":{"line":40,"column":2}},"line":12},"1":{"name":"(anonymous_1)","decl":{"start":{"line":18,"column":11},"end":{"line":18,"column":12}},"loc":{"start":{"line":18,"column":17},"end":{"line":20,"column":2}},"line":18},"2":{"name":"(anonymous_2)","decl":{"start":{"line":23,"column":19},"end":{"line":23,"column":20}},"loc":{"start":{"line":23,"column":31},"end":{"line":30,"column":2}},"line":23},"3":{"name":"(anonymous_3)","decl":{"start":{"line":27,"column":22},"end":{"line":27,"column":23}},"loc":{"start":{"line":27,"column":31},"end":{"line":27,"column":61}},"line":27}},"branchMap":{"0":{"loc":{"start":{"line":25,"column":26},"end":{"line":27,"column":62}},"type":"cond-expr","locations":[{"start":{"line":26,"column":5},"end":{"line":26,"column":14}},{"start":{"line":27,"column":5},"end":{"line":27,"column":62}}],"line":25}},"s":{"0":3,"1":13,"2":12,"3":12,"4":12,"5":12,"6":8,"7":12,"8":8,"9":8,"10":35,"11":8,"12":8,"13":12},"f":{"0":13,"1":8,"2":8,"3":35},"b":{"0":[7,1]},"_coverageSchema":"1a1c01bbd47fc00a2c39e90264f33305004495a9","hash":"317ad58d2644303070bbab8e9277b8da23e957c8"}
,"/Users/jolantasimkute/meet/src/api.js": {"path":"/Users/jolantasimkute/meet/src/api.js","statementMap":{"0":{"start":{"line":12,"column":32},"end":{"line":16,"column":1}},"1":{"start":{"line":13,"column":29},"end":{"line":13,"column":66}},"2":{"start":{"line":13,"column":51},"end":{"line":13,"column":65}},"3":{"start":{"line":14,"column":20},"end":{"line":14,"column":52}},"4":{"start":{"line":15,"column":2},"end":{"line":15,"column":19}},"5":{"start":{"line":23,"column":25},"end":{"line":25,"column":1}},"6":{"start":{"line":24,"column":2},"end":{"line":24,"column":18}}},"fnMap":{"0":{"name":"(anonymous_0)","decl":{"start":{"line":12,"column":32},"end":{"line":12,"column":33}},"loc":{"start":{"line":12,"column":44},"end":{"line":16,"column":1}},"line":12},"1":{"name":"(anonymous_1)","decl":{"start":{"line":13,"column":40},"end":{"line":13,"column":41}},"loc":{"start":{"line":13,"column":51},"end":{"line":13,"column":65}},"line":13},"2":{"name":"(anonymous_2)","decl":{"start":{"line":23,"column":25},"end":{"line":23,"column":26}},"loc":{"start":{"line":23,"column":37},"end":{"line":25,"column":1}},"line":23}},"branchMap":{},"s":{"0":5,"1":11,"2":385,"3":11,"4":11,"5":5,"6":15},"f":{"0":11,"1":385,"2":15},"b":{},"_coverageSchema":"1a1c01bbd47fc00a2c39e90264f33305004495a9","hash":"eb0d5fb45dfdf4f45ad6e0c0eb874aaf197fc657"}
,"/Users/jolantasimkute/meet/src/mock-data.js": {"path":"/Users/jolantasimkute/meet/src/mock-data.js","statementMap":{"0":{"start":{"line":3,"column":17},"end":{"line":1369,"column":2}}},"fnMap":{},"branchMap":{},"s":{"0":5},"f":{},"b":{},"_coverageSchema":"1a1c01bbd47fc00a2c39e90264f33305004495a9","hash":"f41f6fa1df66a5e62bf624f00e1f728503adf4a6"}
,"/Users/jolantasimkute/meet/src/components/CitySearch.jsx": {"path":"/Users/jolantasimkute/meet/src/components/CitySearch.jsx","statementMap":{"0":{"start":{"line":4,"column":19},"end":{"line":53,"column":1}},"1":{"start":{"line":5,"column":48},"end":{"line":5,"column":63}},"2":{"start":{"line":6,"column":28},"end":{"line":6,"column":40}},"3":{"start":{"line":7,"column":40},"end":{"line":7,"column":52}},"4":{"start":{"line":9,"column":2},"end":{"line":11,"column":25}},"5":{"start":{"line":10,"column":3},"end":{"line":10,"column":32}},"6":{"start":{"line":13,"column":29},"end":{"line":22,"column":3}},"7":{"start":{"line":14,"column":18},"end":{"line":14,"column":36}},"8":{"start":{"line":15,"column":30},"end":{"line":19,"column":10}},"9":{"start":{"line":17,"column":10},"end":{"line":17,"column":62}},"10":{"start":{"line":20,"column":4},"end":{"line":20,"column":20}},"11":{"start":{"line":21,"column":4},"end":{"line":21,"column":38}},"12":{"start":{"line":24,"column":28},"end":{"line":29,"column":2}},"13":{"start":{"line":25,"column":17},"end":{"line":25,"column":41}},"14":{"start":{"line":26,"column":3},"end":{"line":26,"column":19}},"15":{"start":{"line":27,"column":3},"end":{"line":27,"column":29}},"16":{"start":{"line":28,"column":3},"end":{"line":28,"column":25}},"17":{"start":{"line":31,"column":2},"end":{"line":52,"column":4}},"18":{"start":{"line":38,"column":23},"end":{"line":38,"column":47}},"19":{"start":{"line":44,"column":12},"end":{"line":44,"column":60}}},"fnMap":{"0":{"name":"(anonymous_0)","decl":{"start":{"line":4,"column":19},"end":{"line":4,"column":20}},"loc":{"start":{"line":4,"column":57},"end":{"line":53,"column":1}},"line":4},"1":{"name":"(anonymous_1)","decl":{"start":{"line":9,"column":12},"end":{"line":9,"column":13}},"loc":{"start":{"line":9,"column":18},"end":{"line":11,"column":2}},"line":9},"2":{"name":"(anonymous_2)","decl":{"start":{"line":13,"column":29},"end":{"line":13,"column":30}},"loc":{"start":{"line":13,"column":40},"end":{"line":22,"column":3}},"line":13},"3":{"name":"(anonymous_3)","decl":{"start":{"line":16,"column":28},"end":{"line":16,"column":29}},"loc":{"start":{"line":17,"column":10},"end":{"line":17,"column":62}},"line":17},"4":{"name":"(anonymous_4)","decl":{"start":{"line":24,"column":28},"end":{"line":24,"column":29}},"loc":{"start":{"line":24,"column":39},"end":{"line":29,"column":2}},"line":24},"5":{"name":"(anonymous_5)","decl":{"start":{"line":38,"column":17},"end":{"line":38,"column":18}},"loc":{"start":{"line":38,"column":23},"end":{"line":38,"column":47}},"line":38},"6":{"name":"(anonymous_6)","decl":{"start":{"line":43,"column":27},"end":{"line":43,"column":28}},"loc":{"start":{"line":44,"column":12},"end":{"line":44,"column":60}},"line":44}},"branchMap":{"0":{"loc":{"start":{"line":15,"column":30},"end":{"line":19,"column":10}},"type":"cond-expr","locations":[{"start":{"line":16,"column":8},"end":{"line":18,"column":9}},{"start":{"line":19,"column":8},"end":{"line":19,"column":10}}],"line":15},"1":{"loc":{"start":{"line":41,"column":7},"end":{"line":50,"column":7}},"type":"binary-expr","locations":[{"start":{"line":41,"column":7},"end":{"line":41,"column":22}},{"start":{"line":42,"column":8},"end":{"line":49,"column":13}}],"line":41}},"s":{"0":3,"1":60,"2":60,"3":60,"4":60,"5":17,"6":60,"7":18,"8":18,"9":36,"10":18,"11":18,"12":60,"13":2,"14":2,"15":2,"16":2,"17":60,"18":5,"19":26},"f":{"0":60,"1":17,"2":18,"3":36,"4":2,"5":5,"6":26},"b":{"0":[18,0],"1":[60,23]},"_coverageSchema":"1a1c01bbd47fc00a2c39e90264f33305004495a9","hash":"c6a99f8ce74a1e8af35247e2bb18dc93fdaa3268"}
,"/Users/jolantasimkute/meet/src/components/Event.jsx": {"path":"/Users/jolantasimkute/meet/src/components/Event.jsx","statementMap":{"0":{"start":{"line":4,"column":14},"end":{"line":31,"column":1}},"1":{"start":{"line":5,"column":40},"end":{"line":5,"column":55}},"2":{"start":{"line":7,"column":30},"end":{"line":9,"column":3}},"3":{"start":{"line":8,"column":4},"end":{"line":8,"column":33}},"4":{"start":{"line":11,"column":2},"end":{"line":30,"column":4}}},"fnMap":{"0":{"name":"(anonymous_0)","decl":{"start":{"line":4,"column":14},"end":{"line":4,"column":15}},"loc":{"start":{"line":4,"column":29},"end":{"line":31,"column":1}},"line":4},"1":{"name":"(anonymous_1)","decl":{"start":{"line":7,"column":30},"end":{"line":7,"column":31}},"loc":{"start":{"line":7,"column":36},"end":{"line":9,"column":3}},"line":7}},"branchMap":{"0":{"loc":{"start":{"line":18,"column":9},"end":{"line":18,"column":54}},"type":"cond-expr","locations":[{"start":{"line":18,"column":23},"end":{"line":18,"column":37}},{"start":{"line":18,"column":40},"end":{"line":18,"column":54}}],"line":18},"1":{"loc":{"start":{"line":21,"column":7},"end":{"line":28,"column":7}},"type":"binary-expr","locations":[{"start":{"line":21,"column":7},"end":{"line":21,"column":18}},{"start":{"line":22,"column":8},"end":{"line":27,"column":14}}],"line":21}},"s":{"0":5,"1":264,"2":264,"3":3,"4":264},"f":{"0":264,"1":3},"b":{"0":[2,262],"1":[264,2]},"_coverageSchema":"1a1c01bbd47fc00a2c39e90264f33305004495a9","hash":"31c2c002a1ead1b23dfd58ebdc6853352db2f834"}
,"/Users/jolantasimkute/meet/src/components/EventList.jsx": {"path":"/Users/jolantasimkute/meet/src/components/EventList.jsx","statementMap":{"0":{"start":{"line":6,"column":18},"end":{"line":14,"column":1}},"1":{"start":{"line":7,"column":1},"end":{"line":13,"column":3}},"2":{"start":{"line":10,"column":27},"end":{"line":10,"column":65}}},"fnMap":{"0":{"name":"(anonymous_0)","decl":{"start":{"line":6,"column":18},"end":{"line":6,"column":19}},"loc":{"start":{"line":6,"column":34},"end":{"line":14,"column":1}},"line":6},"1":{"name":"(anonymous_1)","decl":{"start":{"line":10,"column":18},"end":{"line":10,"column":19}},"loc":{"start":{"line":10,"column":27},"end":{"line":10,"column":65}},"line":10}},"branchMap":{"0":{"loc":{"start":{"line":9,"column":6},"end":{"line":11,"column":11}},"type":"cond-expr","locations":[{"start":{"line":10,"column":7},"end":{"line":10,"column":66}},{"start":{"line":11,"column":7},"end":{"line":11,"column":11}}],"line":9}},"s":{"0":4,"1":18,"2":254},"f":{"0":18,"1":254},"b":{"0":[16,2]},"_coverageSchema":"1a1c01bbd47fc00a2c39e90264f33305004495a9","hash":"07ec58f54f05014f50df251d2312adecb90a1eb0"}
,"/Users/jolantasimkute/meet/src/components/NumberOfEvents.jsx": {"path":"/Users/jolantasimkute/meet/src/components/NumberOfEvents.jsx","statementMap":{"0":{"start":{"line":4,"column":23},"end":{"line":24,"column":1}},"1":{"start":{"line":5,"column":30},"end":{"line":5,"column":42}},"2":{"start":{"line":7,"column":23},"end":{"line":11,"column":3}},"3":{"start":{"line":8,"column":18},"end":{"line":8,"column":32}},"4":{"start":{"line":9,"column":4},"end":{"line":9,"column":21}},"5":{"start":{"line":10,"column":4},"end":{"line":10,"column":46}},"6":{"start":{"line":10,"column":24},"end":{"line":10,"column":46}},"7":{"start":{"line":13,"column":2},"end":{"line":23,"column":4}},"8":{"start":{"line":26,"column":0},"end":{"line":28,"column":2}}},"fnMap":{"0":{"name":"(anonymous_0)","decl":{"start":{"line":4,"column":23},"end":{"line":4,"column":24}},"loc":{"start":{"line":4,"column":47},"end":{"line":24,"column":1}},"line":4},"1":{"name":"(anonymous_1)","decl":{"start":{"line":7,"column":23},"end":{"line":7,"column":24}},"loc":{"start":{"line":7,"column":30},"end":{"line":11,"column":3}},"line":7}},"branchMap":{"0":{"loc":{"start":{"line":10,"column":4},"end":{"line":10,"column":46}},"type":"if","locations":[{"start":{"line":10,"column":4},"end":{"line":10,"column":46}},{"start":{},"end":{}}],"line":10}},"s":{"0":4,"1":18,"2":18,"3":3,"4":3,"5":3,"6":0,"7":18,"8":4},"f":{"0":18,"1":3},"b":{"0":[0,3]},"_coverageSchema":"1a1c01bbd47fc00a2c39e90264f33305004495a9","hash":"08b3a2248a8e1f0c3dc9860aa59f03414b7dc1ca"}
}
