TN:
SF:src/App.jsx
FN:12,(anonymous_0)
FN:18,(anonymous_1)
FN:23,(anonymous_2)
FN:27,(anonymous_3)
FNF:4
FNH:4
FNDA:13,(anonymous_0)
FNDA:8,(anonymous_1)
FNDA:8,(anonymous_2)
FNDA:35,(anonymous_3)
DA:12,3
DA:13,13
DA:14,12
DA:15,12
DA:16,12
DA:18,12
DA:19,8
DA:23,12
DA:24,8
DA:25,8
DA:27,35
DA:28,8
DA:29,8
DA:33,12
LF:14
LH:14
BRDA:25,0,0,7
BRDA:25,0,1,1
BRF:2
BRH:2
end_of_record
TN:
SF:src/api.js
FN:12,(anonymous_0)
FN:13,(anonymous_1)
FN:23,(anonymous_2)
FNF:3
FNH:3
FNDA:11,(anonymous_0)
FNDA:385,(anonymous_1)
FNDA:15,(anonymous_2)
DA:12,5
DA:13,385
DA:14,11
DA:15,11
DA:23,5
DA:24,15
LF:6
LH:6
BRF:0
BRH:0
end_of_record
TN:
SF:src/mock-data.js
FNF:0
FNH:0
DA:3,5
LF:1
LH:1
BRF:0
BRH:0
end_of_record
TN:
SF:src/components/CitySearch.jsx
FN:4,(anonymous_0)
FN:9,(anonymous_1)
FN:13,(anonymous_2)
FN:16,(anonymous_3)
FN:24,(anonymous_4)
FN:38,(anonymous_5)
FN:43,(anonymous_6)
FNF:7
FNH:7
FNDA:60,(anonymous_0)
FNDA:17,(anonymous_1)
FNDA:18,(anonymous_2)
FNDA:36,(anonymous_3)
FNDA:2,(anonymous_4)
FNDA:5,(anonymous_5)
FNDA:26,(anonymous_6)
DA:4,3
DA:5,60
DA:6,60
DA:7,60
DA:9,60
DA:10,17
DA:13,60
DA:14,18
DA:15,18
DA:17,36
DA:20,18
DA:21,18
DA:24,60
DA:25,2
DA:26,2
DA:27,2
DA:28,2
DA:31,60
DA:38,5
DA:44,26
LF:20
LH:20
BRDA:15,0,0,18
BRDA:15,0,1,0
BRDA:41,1,0,60
BRDA:41,1,1,23
BRF:4
BRH:3
end_of_record
TN:
SF:src/components/Event.jsx
FN:4,(anonymous_0)
FN:7,(anonymous_1)
FNF:2
FNH:2
FNDA:264,(anonymous_0)
FNDA:3,(anonymous_1)
DA:4,5
DA:5,264
DA:7,264
DA:8,3
DA:11,264
LF:5
LH:5
BRDA:18,0,0,2
BRDA:18,0,1,262
BRDA:21,1,0,264
BRDA:21,1,1,2
BRF:4
BRH:4
end_of_record
TN:
SF:src/components/EventList.jsx
FN:6,(anonymous_0)
FN:10,(anonymous_1)
FNF:2
FNH:2
FNDA:18,(anonymous_0)
FNDA:254,(anonymous_1)
DA:6,4
DA:7,18
DA:10,254
LF:3
LH:3
BRDA:9,0,0,16
BRDA:9,0,1,2
BRF:2
BRH:2
end_of_record
TN:
SF:src/components/NumberOfEvents.jsx
FN:4,(anonymous_0)
FN:7,(anonymous_1)
FNF:2
FNH:2
FNDA:18,(anonymous_0)
FNDA:3,(anonymous_1)
DA:4,4
DA:5,18
DA:7,18
DA:8,3
DA:9,3
DA:10,3
DA:13,18
DA:26,4
LF:8
LH:8
BRDA:10,0,0,0
BRDA:10,0,1,3
BRF:2
BRH:1
end_of_record
