TN:
SF:src/App.jsx
FN:7,(anonymous_0)
FN:11,(anonymous_1)
FN:12,(anonymous_2)
FN:23,(anonymous_3)
FNF:4
FNH:3
FNDA:5,(anonymous_0)
FNDA:4,(anonymous_1)
FNDA:4,(anonymous_2)
FNDA:0,(anonymous_3)
DA:7,1
DA:8,5
DA:9,4
DA:11,4
DA:12,4
DA:13,4
DA:14,4
DA:16,4
DA:19,4
DA:23,0
LF:10
LH:9
BRF:0
BRH:0
end_of_record
TN:
SF:src/api.js
FN:12,(anonymous_0)
FN:13,(anonymous_1)
FN:23,(anonymous_2)
FNF:3
FNH:3
FNDA:2,(anonymous_0)
FNDA:70,(anonymous_1)
FNDA:9,(anonymous_2)
DA:12,5
DA:13,70
DA:14,2
DA:15,2
DA:23,5
DA:24,9
LF:6
LH:6
BRF:0
BRH:0
end_of_record
TN:
SF:src/mock-data.js
FNF:0
FNH:0
DA:3,5
LF:1
LH:1
BRF:0
BRH:0
end_of_record
TN:
SF:src/components/CitySearch.jsx
FN:3,(anonymous_0)
FN:8,(anonymous_1)
FN:11,(anonymous_2)
FN:19,(anonymous_3)
FN:32,(anonymous_4)
FN:37,(anonymous_5)
FNF:6
FNH:6
FNDA:27,(anonymous_0)
FNDA:12,(anonymous_1)
FNDA:24,(anonymous_2)
FNDA:1,(anonymous_3)
FNDA:3,(anonymous_4)
FNDA:12,(anonymous_5)
DA:3,2
DA:4,27
DA:5,27
DA:6,27
DA:8,27
DA:9,12
DA:10,12
DA:12,24
DA:15,12
DA:16,12
DA:19,27
DA:20,1
DA:21,1
DA:22,1
DA:25,27
DA:32,3
DA:38,12
LF:17
LH:17
BRDA:10,0,0,12
BRDA:10,0,1,0
BRDA:35,1,0,15
BRDA:35,1,1,12
BRF:4
BRH:3
end_of_record
TN:
SF:src/components/Event.jsx
FN:4,(anonymous_0)
FN:7,(anonymous_1)
FNF:2
FNH:2
FNDA:119,(anonymous_0)
FNDA:3,(anonymous_1)
DA:4,4
DA:5,119
DA:7,119
DA:8,3
DA:11,119
LF:5
LH:5
BRDA:18,0,0,2
BRDA:18,0,1,117
BRDA:21,1,0,119
BRDA:21,1,1,2
BRF:4
BRH:4
end_of_record
TN:
SF:src/components/EventList.jsx
FN:6,(anonymous_0)
FN:10,(anonymous_1)
FNF:2
FNH:2
FNDA:10,(anonymous_0)
FNDA:109,(anonymous_1)
DA:6,3
DA:7,10
DA:10,109
LF:3
LH:3
BRDA:9,0,0,8
BRDA:9,0,1,2
BRF:2
BRH:2
end_of_record
TN:
SF:src/components/NumberOfEvents.jsx
FN:4,(anonymous_0)
FN:7,(anonymous_1)
FNF:2
FNH:2
FNDA:10,(anonymous_0)
FNDA:3,(anonymous_1)
DA:4,2
DA:5,10
DA:7,10
DA:8,3
DA:9,3
DA:10,3
DA:13,10
DA:26,2
LF:8
LH:8
BRDA:10,0,0,0
BRDA:10,0,1,3
BRF:2
BRH:1
end_of_record
